#
# There is insufficient memory for the Java Runtime Environment to continue.
# Native memory allocation (mmap) failed to map 266338304 bytes for G1 virtual space
# Possible reasons:
#   The system is out of physical RAM or swap space
#   The process is running with CompressedOops enabled, and the Java Heap may be blocking the growth of the native heap
# Possible solutions:
#   Reduce memory load on the system
#   Increase physical memory or swap space
#   Check if swap backing store is full
#   Decrease Java heap size (-Xmx/-Xms)
#   Decrease number of Java threads
#   Decrease Java thread stack sizes (-Xss)
#   Set larger code cache with -XX:ReservedCodeCacheSize=
#   JVM is running with Zero Based Compressed Oops mode in which the Java heap is
#     placed in the first 32GB address space. The Java Heap base address is the
#     maximum limit for the native heap growth. Please use -XX:HeapBaseMinAddress
#     to set the Java Heap base and to place the Java Heap above 32GB virtual address.
# This output file may be truncated or incomplete.
#
#  Out of Memory Error (os_windows.cpp:3747), pid=3836, tid=13564
#
# JRE version:  (17.0.3+7) (build )
# Java VM: OpenJDK 64-Bit Server VM (17.0.3+7-b469.32, mixed mode, sharing, tiered, compressed oops, compressed class ptrs, g1 gc, windows-amd64)
# No core dump will be written. Minidumps are not enabled by default on client versions of Windows
#

---------------  S U M M A R Y ------------

Command Line: git4idea.http.GitAskPassApp Username for 'https://github.com': 

Host: Intel(R) Core(TM) i7-7600U CPU @ 2.80GHz, 4 cores, 15G,  Windows 10 , 64 bit Build 19041 (10.0.19041.1889)
Time: Wed Sep 14 20:33:11 2022 W. Europe Summer Time elapsed time: 0.008025 seconds (0d 0h 0m 0s)

---------------  T H R E A D  ---------------

Current thread (0x0000014a6c9703e0):  JavaThread "Unknown thread" [_thread_in_vm, id=13564, stack(0x0000002137400000,0x0000002137500000)]

Stack: [0x0000002137400000,0x0000002137500000]
Native frames: (J=compiled Java code, j=interpreted, Vv=VM code, C=native code)
V  [jvm.dll+0x681f8a]
V  [jvm.dll+0x83e374]
V  [jvm.dll+0x83fb1e]
V  [jvm.dll+0x840183]
V  [jvm.dll+0x2492a5]
V  [jvm.dll+0x67ee59]
V  [jvm.dll+0x67355a]
V  [jvm.dll+0x308fab]
V  [jvm.dll+0x310466]
V  [jvm.dll+0x3601de]
V  [jvm.dll+0x36040f]
V  [jvm.dll+0x2df098]
V  [jvm.dll+0x2e0004]
V  [jvm.dll+0x80fc61]
V  [jvm.dll+0x36df61]
V  [jvm.dll+0x7ef17c]
V  [jvm.dll+0x3f10ef]
V  [jvm.dll+0x3f2c31]
C  [jli.dll+0x526b]
C  [ucrtbase.dll+0x21bb2]
C  [KERNEL32.DLL+0x17034]
C  [ntdll.dll+0x52651]


---------------  P R O C E S S  ---------------

Threads class SMR info:
_java_thread_list=0x00007ffda9376f18, length=0, elements={
}

Java Threads: ( => current thread )

Other Threads:
  0x0000014a6c9da6b0 GCTaskThread "GC Thread#0" [stack: 0x0000002137500000,0x0000002137600000] [id=17856]
  0x0000014a6c9eb370 ConcurrentGCThread "G1 Main Marker" [stack: 0x0000002137600000,0x0000002137700000] [id=11548]
  0x0000014a6c9ec520 ConcurrentGCThread "G1 Conc#0" [stack: 0x0000002137700000,0x0000002137800000] [id=15416]

[error occurred during error reporting (printing all threads), id 0xc0000005, EXCEPTION_ACCESS_VIOLATION (0xc0000005) at pc=0x00007ffda8b2fc57]

VM state: not at safepoint (not fully initialized)

VM Mutex/Monitor currently owned by a thread:  ([mutex/lock_event])
[0x0000014a6c96a490] Heap_lock - owner thread: 0x0000014a6c9703e0

Heap address: 0x0000000702800000, size: 4056 MB, Compressed Oops mode: Zero based, Oop shift amount: 3

CDS archive(s) mapped at: [0x0000000000000000-0x0000000000000000-0x0000000000000000), size 0, SharedBaseAddress: 0x0000000800000000, ArchiveRelocationMode: 0.
Narrow klass base: 0x0000000000000000, Narrow klass shift: 0, Narrow klass range: 0x0

GC Precious Log:
<Empty>

Heap:
 garbage-first heap   total 0K, used 0K [0x0000000702800000, 0x0000000800000000)
  region size 2048K, 0 young (0K), 0 survivors (0K)

[error occurred during error reporting (printing heap information), id 0xc0000005, EXCEPTION_ACCESS_VIOLATION (0xc0000005) at pc=0x00007ffda8f1bbd9]

GC Heap History (0 events):
No events

Deoptimization events (0 events):
No events

Classes unloaded (0 events):
No events

Classes redefined (0 events):
No events

Internal exceptions (0 events):
No events

VM Operations (0 events):
No events

Events (1 events):
Event: 0.005 Loaded shared library C:\Program Files\JetBrains\PyCharm Community Edition 2022.2\jbr\bin\java.dll


Dynamic libraries:
0x00007ff653240000 - 0x00007ff65324a000 	C:\Program Files\JetBrains\PyCharm Community Edition 2022.2\jbr\bin\java.exe
0x00007ffe139d0000 - 0x00007ffe13bc8000 	C:\WINDOWS\SYSTEM32\ntdll.dll
0x00007ffe11df0000 - 0x00007ffe11ead000 	C:\WINDOWS\System32\KERNEL32.DLL
0x00007ffe11760000 - 0x00007ffe11a2e000 	C:\WINDOWS\System32\KERNELBASE.dll
0x00007ffe11340000 - 0x00007ffe11440000 	C:\WINDOWS\System32\ucrtbase.dll
0x00007ffdf5e40000 - 0x00007ffdf5e57000 	C:\Program Files\JetBrains\PyCharm Community Edition 2022.2\jbr\bin\jli.dll
0x00007ffdf04e0000 - 0x00007ffdf04fb000 	C:\Program Files\JetBrains\PyCharm Community Edition 2022.2\jbr\bin\VCRUNTIME140.dll
0x00007ffe124b0000 - 0x00007ffe12650000 	C:\WINDOWS\System32\USER32.dll
0x00007ffe11120000 - 0x00007ffe11142000 	C:\WINDOWS\System32\win32u.dll
0x00007ffdfcf00000 - 0x00007ffdfd19a000 	C:\WINDOWS\WinSxS\amd64_microsoft.windows.common-controls_6595b64144ccf1df_6.0.19041.1110_none_60b5254171f9507e\COMCTL32.dll
0x00007ffe126c0000 - 0x00007ffe126ea000 	C:\WINDOWS\System32\GDI32.dll
0x00007ffe12770000 - 0x00007ffe1280e000 	C:\WINDOWS\System32\msvcrt.dll
0x00007ffe11500000 - 0x00007ffe1160b000 	C:\WINDOWS\System32\gdi32full.dll
0x00007ffe11610000 - 0x00007ffe116ad000 	C:\WINDOWS\System32\msvcp_win.dll
0x00007ffe11f50000 - 0x00007ffe11f80000 	C:\WINDOWS\System32\IMM32.DLL
0x00007ffe0e050000 - 0x00007ffe0e05c000 	C:\Program Files\JetBrains\PyCharm Community Edition 2022.2\jbr\bin\vcruntime140_1.dll
0x00007ffdd8d50000 - 0x00007ffdd8ddd000 	C:\Program Files\JetBrains\PyCharm Community Edition 2022.2\jbr\bin\msvcp140.dll
0x00007ffda8840000 - 0x00007ffda94a8000 	C:\Program Files\JetBrains\PyCharm Community Edition 2022.2\jbr\bin\server\jvm.dll
0x00007ffe12810000 - 0x00007ffe128be000 	C:\WINDOWS\System32\ADVAPI32.dll
0x00007ffe11eb0000 - 0x00007ffe11f4c000 	C:\WINDOWS\System32\sechost.dll
0x00007ffe121c0000 - 0x00007ffe122e5000 	C:\WINDOWS\System32\RPCRT4.dll
0x00007ffe124a0000 - 0x00007ffe124a8000 	C:\WINDOWS\System32\PSAPI.DLL
0x00007ffe09ee0000 - 0x00007ffe09ee9000 	C:\WINDOWS\SYSTEM32\WSOCK32.dll
0x00007ffe0efd0000 - 0x00007ffe0efda000 	C:\WINDOWS\SYSTEM32\VERSION.dll
0x00007ffdfd1a0000 - 0x00007ffdfd1c7000 	C:\WINDOWS\SYSTEM32\WINMM.dll
0x00007ffe12700000 - 0x00007ffe1276b000 	C:\WINDOWS\System32\WS2_32.dll
0x00007ffe0f980000 - 0x00007ffe0f992000 	C:\WINDOWS\SYSTEM32\kernel.appcore.dll
0x00007ffe099c0000 - 0x00007ffe099ca000 	C:\Program Files\JetBrains\PyCharm Community Edition 2022.2\jbr\bin\jimage.dll
0x00007ffe0e210000 - 0x00007ffe0e3f4000 	C:\WINDOWS\SYSTEM32\DBGHELP.DLL
0x00007ffdf4070000 - 0x00007ffdf409c000 	C:\WINDOWS\SYSTEM32\dbgcore.DLL
0x00007ffe11150000 - 0x00007ffe111d2000 	C:\WINDOWS\System32\bcryptPrimitives.dll
0x00007ffdef850000 - 0x00007ffdef875000 	C:\Program Files\JetBrains\PyCharm Community Edition 2022.2\jbr\bin\java.dll

dbghelp: loaded successfully - version: 4.0.5 - missing functions: none
symbol engine: initialized successfully - sym options: 0x614 - pdb path: .;C:\Program Files\JetBrains\PyCharm Community Edition 2022.2\jbr\bin;C:\WINDOWS\SYSTEM32;C:\WINDOWS\WinSxS\amd64_microsoft.windows.common-controls_6595b64144ccf1df_6.0.19041.1110_none_60b5254171f9507e;C:\Program Files\JetBrains\PyCharm Community Edition 2022.2\jbr\bin\server

VM Arguments:
java_command: git4idea.http.GitAskPassApp Username for 'https://github.com': 
java_class_path (initial): C:/Program Files/JetBrains/PyCharm Community Edition 2022.2/plugins/git4idea/lib/git4idea-rt.jar;C:/Program Files/JetBrains/PyCharm Community Edition 2022.2/lib/externalProcess-rt.jar;C:/Program Files/JetBrains/PyCharm Community Edition 2022.2/lib/app.jar;C:/Program Files/JetBrains/PyCharm Community Edition 2022.2/lib/3rd-party-rt.jar
Launcher Type: SUN_STANDARD

[Global flags]
     intx CICompilerCount                          = 3                                         {product} {ergonomic}
     uint ConcGCThreads                            = 1                                         {product} {ergonomic}
     uint G1ConcRefinementThreads                  = 4                                         {product} {ergonomic}
   size_t G1HeapRegionSize                         = 2097152                                   {product} {ergonomic}
    uintx GCDrainStackTargetSize                   = 64                                        {product} {ergonomic}
   size_t InitialHeapSize                          = 266338304                                 {product} {ergonomic}
   size_t MarkStackSize                            = 4194304                                   {product} {ergonomic}
   size_t MaxHeapSize                              = 4253024256                                {product} {ergonomic}
   size_t MinHeapDeltaBytes                        = 2097152                                   {product} {ergonomic}
   size_t MinHeapSize                              = 8388608                                   {product} {ergonomic}
    uintx NonNMethodCodeHeapSize                   = 5832780                                {pd product} {ergonomic}
    uintx NonProfiledCodeHeapSize                  = 122912730                              {pd product} {ergonomic}
    uintx ProfiledCodeHeapSize                     = 122912730                              {pd product} {ergonomic}
    uintx ReservedCodeCacheSize                    = 251658240                              {pd product} {ergonomic}
     bool SegmentedCodeCache                       = true                                      {product} {ergonomic}
   size_t SoftMaxHeapSize                          = 4253024256                             {manageable} {ergonomic}
     bool UseCompressedClassPointers               = true                           {product lp64_product} {ergonomic}
     bool UseCompressedOops                        = true                           {product lp64_product} {ergonomic}
     bool UseG1GC                                  = true                                      {product} {ergonomic}
     bool UseLargePagesIndividualAllocation        = false                                  {pd product} {ergonomic}

Logging:
Log output configuration:
 #0: stdout all=warning uptime,level,tags
 #1: stderr all=off uptime,level,tags

Environment Variables:
PATH=C:/Program Files/Git/mingw64/libexec/git-core;C:/Program Files/Git/mingw64/libexec/git-core;C:\Program Files\Git\mingw64\bin;C:\Program Files\Git\usr\bin;C:\Users\hanyi\bin;C:\Users\hanyi\anaconda3;C:\Users\hanyi\anaconda3\Library\mingw-w64\bin;C:\Users\hanyi\anaconda3\Library\usr\bin;C:\Users\hanyi\anaconda3\Library\bin;C:\Users\hanyi\anaconda3\Scripts;C:\Users\hanyi\anaconda3\bin;C:\Users\hanyi\anaconda3\condabin;C:\WINDOWS\system32;C:\WINDOWS;C:\WINDOWS\System32\Wbem;C:\WINDOWS\System32\WindowsPowerShell\v1.0;C:\WINDOWS\System32\OpenSSH;C:\Program Files\Git\cmd;C:\Users\hanyi\AppData\Local\Microsoft\WindowsApps;.;C:\Users\hanyi\AppData\Local\Programs\Microsoft VS Code\bin
USERNAME=hanyi
DISPLAY=:0.0
LC_ALL=en_US.UTF-8
OS=Windows_NT
PROCESSOR_IDENTIFIER=Intel64 Family 6 Model 142 Stepping 9, GenuineIntel



---------------  S Y S T E M  ---------------

OS:
 Windows 10 , 64 bit Build 19041 (10.0.19041.1889)
OS uptime: 2 days 4:26 hours

CPU: total 4 (initial active 4) (2 cores per cpu, 2 threads per core) family 6 model 142 stepping 9 microcode 0xb4, cx8, cmov, fxsr, ht, mmx, 3dnowpref, sse, sse2, sse3, ssse3, sse4.1, sse4.2, popcnt, lzcnt, tsc, tscinvbit, avx, avx2, aes, erms, clmul, bmi1, bmi2, rtm, adx, fma, vzeroupper, clflush, clflushopt

Memory: 4k page, system-wide physical 16222M (7905M free)
TotalPageFile size 65374M (AvailPageFile size 210M)
current process WorkingSet (physical memory assigned to process): 10M, peak: 10M
current process commit charge ("private bytes"): 51M, peak: 305M

vm_info: OpenJDK 64-Bit Server VM (17.0.3+7-b469.32) for windows-amd64 JRE (17.0.3+7-b469.32), built on 2022-07-19 by "builduser" with MS VC++ 16.10 / 16.11 (VS2019)

END.
